app/build/outputs/logs/manifest-merger-debug-report.txt
-- Merging decision tree log ---
manifest
ADDED from src/main/AndroidManifest.xml:2:1-56:12
	package
		ADDED from src/main/AndroidManifest.xml:3:5-32
		INJECTED from src/main/AndroidManifest.xml
		INJECTED from src/main/AndroidManifest.xml
	android:versionName
		INJECTED from src/main/AndroidManifest.xml
		INJECTED from src/main/AndroidManifest.xml
	xmlns:android
		ADDED from src/main/AndroidManifest.xml:2:11-69
	android:versionCode
		INJECTED from src/main/AndroidManifest.xml
		INJECTED from src/main/AndroidManifest.xml
application
ADDED from src/main/AndroidManifest.xml:5:5-54:19
MERGED from [com.android.support:appcompat-v7:25.2.0] AndroidManifest.xml:25:5-20
MERGED from [com.android.support:animated-vector-drawable:25.2.0] AndroidManifest.xml:22:5-20
MERGED from [com.android.support:support-vector-drawable:25.2.0] AndroidManifest.xml:23:5-20
MERGED from [com.google.android.gms:play-services-appindexing:8.4.0] AndroidManifest.xml:19:5-20
MERGED from [com.google.android.gms:play-services-basement:8.4.0] AndroidManifest.xml:20:5-24:19
MERGED from [com.android.support:support-v4:25.2.0] AndroidManifest.xml:25:5-20
MERGED from [com.android.support:support-fragment:25.2.0] AndroidManifest.xml:25:5-20
MERGED from [com.android.support:support-media-compat:25.2.0] AndroidManifest.xml:25:5-20
MERGED from [com.android.support:support-core-ui:25.2.0] AndroidManifest.xml:25:5-20
MERGED from [com.android.support:support-core-utils:25.2.0] AndroidManifest.xml:25:5-20
MERGED from [com.android.support:support-compat:25.2.0] AndroidManifest.xml:25:5-20
	android:label
		ADDED from src/main/AndroidManifest.xml:8:9-41
	android:supportsRtl
		ADDED from src/main/AndroidManifest.xml:9:9-35
	android:allowBackup
		ADDED from src/main/AndroidManifest.xml:6:9-35
	android:icon
		ADDED from src/main/AndroidManifest.xml:7:9-43
	android:theme
		ADDED from src/main/AndroidManifest.xml:10:9-40
activity#com.sample.quizup.first
ADDED from src/main/AndroidManifest.xml:12:9-23:20
	android:screenOrientation
		ADDED from src/main/AndroidManifest.xml:15:13-49
	android:excludeFromRecents
		ADDED from src/main/AndroidManifest.xml:17:13-46
	android:noHistory
		ADDED from src/main/AndroidManifest.xml:16:13-37
	android:configChanges
		ADDED from src/main/AndroidManifest.xml:14:13-48
	android:name
		ADDED from src/main/AndroidManifest.xml:13:13-34
intent-filter#android.intent.action.MAIN+android.intent.category.LAUNCHER
ADDED from src/main/AndroidManifest.xml:18:13-22:29
action#android.intent.action.MAIN
ADDED from src/main/AndroidManifest.xml:19:17-69
	android:name
		ADDED from src/main/AndroidManifest.xml:19:25-66
category#android.intent.category.LAUNCHER
ADDED from src/main/AndroidManifest.xml:21:17-77
	android:name
		ADDED from src/main/AndroidManifest.xml:21:27-74
activity#com.sample.quizup.second
ADDED from src/main/AndroidManifest.xml:24:9-28:39
	android:screenOrientation
		ADDED from src/main/AndroidManifest.xml:27:13-49
	android:noHistory
		ADDED from src/main/AndroidManifest.xml:28:13-37
	android:configChanges
		ADDED from src/main/AndroidManifest.xml:26:13-48
	android:name
		ADDED from src/main/AndroidManifest.xml:25:13-35
activity#com.sample.quizup.third
ADDED from src/main/AndroidManifest.xml:29:9-33:39
	android:screenOrientation
		ADDED from src/main/AndroidManifest.xml:32:13-49
	android:noHistory
		ADDED from src/main/AndroidManifest.xml:33:13-37
	android:configChanges
		ADDED from src/main/AndroidManifest.xml:31:13-48
	android:name
		ADDED from src/main/AndroidManifest.xml:30:13-34
activity#com.sample.quizup.fourth
ADDED from src/main/AndroidManifest.xml:34:9-38:39
	android:screenOrientation
		ADDED from src/main/AndroidManifest.xml:37:13-49
	android:noHistory
		ADDED from src/main/AndroidManifest.xml:38:13-37
	android:configChanges
		ADDED from src/main/AndroidManifest.xml:36:13-48
	android:name
		ADDED from src/main/AndroidManifest.xml:35:13-35
activity#com.sample.quizup.fifth
ADDED from src/main/AndroidManifest.xml:39:9-43:39
	android:screenOrientation
		ADDED from src/main/AndroidManifest.xml:42:13-49
	android:noHistory
		ADDED from src/main/AndroidManifest.xml:43:13-37
	android:configChanges
		ADDED from src/main/AndroidManifest.xml:41:13-48
	android:name
		ADDED from src/main/AndroidManifest.xml:40:13-34
activity#com.sample.quizup.sixth
ADDED from src/main/AndroidManifest.xml:44:9-48:39
	android:screenOrientation
		ADDED from src/main/AndroidManifest.xml:47:13-49
	android:noHistory
		ADDED from src/main/AndroidManifest.xml:48:13-37
	android:configChanges
		ADDED from src/main/AndroidManifest.xml:46:13-48
	android:name
		ADDED from src/main/AndroidManifest.xml:45:13-34
activity#com.sample.quizup.seventh
ADDED from src/main/AndroidManifest.xml:49:9-53:20
	android:screenOrientation
		ADDED from src/main/AndroidManifest.xml:51:13-49
	android:noHistory
		ADDED from src/main/AndroidManifest.xml:52:13-37
	android:configChanges
		ADDED from src/main/AndroidManifest.xml:50:13-48
	android:name
		ADDED from src/main/AndroidManifest.xml:49:19-42
uses-sdk
INJECTED from src/main/AndroidManifest.xml reason: use-sdk injection requested
MERGED from [com.android.support:appcompat-v7:25.2.0] AndroidManifest.xml:21:5-23:78
MERGED from [com.android.support:animated-vector-drawable:25.2.0] AndroidManifest.xml:20:5-44
MERGED from [com.android.support:support-vector-drawable:25.2.0] AndroidManifest.xml:21:5-43
MERGED from [com.google.android.gms:play-services-appindexing:8.4.0] AndroidManifest.xml:18:5-42
MERGED from [com.google.android.gms:play-services-base:8.4.0] AndroidManifest.xml:18:5-42
MERGED from [com.google.android.gms:play-services-basement:8.4.0] AndroidManifest.xml:18:5-42
MERGED from [com.android.support:support-v4:25.2.0] AndroidManifest.xml:21:5-23:54
MERGED from [com.android.support:support-fragment:25.2.0] AndroidManifest.xml:21:5-23:60
MERGED from [com.android.support:support-media-compat:25.2.0] AndroidManifest.xml:21:5-23:63
MERGED from [com.android.support:support-core-ui:25.2.0] AndroidManifest.xml:21:5-23:58
MERGED from [com.android.support:support-core-utils:25.2.0] AndroidManifest.xml:21:5-23:61
MERGED from [com.android.support:support-compat:25.2.0] AndroidManifest.xml:21:5-23:58
	tools:overrideLibrary
		ADDED from [com.android.support:appcompat-v7:25.2.0] AndroidManifest.xml:23:9-75
	android:targetSdkVersion
		INJECTED from src/main/AndroidManifest.xml
		INJECTED from src/main/AndroidManifest.xml
	android:minSdkVersion
		INJECTED from src/main/AndroidManifest.xml
		INJECTED from src/main/AndroidManifest.xml
meta-data#com.google.android.gms.version
ADDED from [com.google.android.gms:play-services-basement:8.4.0] AndroidManifest.xml:21:9-23:69
	android:value
		ADDED from [com.google.android.gms:play-services-basement:8.4.0] AndroidManifest.xml:23:13-66
	android:name
		ADDED from [com.google.android.gms:play-services-basement:8.4.0] AndroidManifest.xml:22:13-58